(53459, -0.0015853845544851145, 0.0013938874461384833, 2005, 89, 0.001132343522459837, -5.5488459643219714e-05, 0, 16240.0, 2283.75, 0.0)
(53460, -0.0019550191128189873, 0.0022163416230764573, 2005, 90, 0.0018010447768361235, -6.842566923998511e-05, 0, 7072.0, 994.5, 0.0)
(53465, -0.000952565136534042, 0.0010290663189282624, 2005, 95, 0.0008362000720673606, -3.3339779920634735e-05, 0, 24368.0, 4569.0, 0.0)
(53466, 0.0011742803189772385, 0.0014036469941043504, 2005, 96, 0.0011406870951555154, 4.109981133918475e-05, 0, 11336.0, 2258.34375, 0.0)
(53467, 0.00651763693915778, 0.0025171502106011235, 2005, 97, 0.002038042496446887, 0.00022811729384172587, 0, 3200.0, 656.25, 0.0)
(53479, 0.0012508522770269433, 0.0033067260010085186, 2005, 109, 0.0026881594493110977, 4.3779829882334526e-05, 0, 1472.0, 437.0, 0.0)
(53480, -0.004769779514506969, 0.0030950734405590604, 2005, 110, 0.0025126567813410416, -0.00016694228371849645, 0, 448.0, 283.5, 448.0)
(53482, 0.006882828612709853, 0.007839295517513658, 2005, 112, 0.006370400933146287, 0.00024089900247046625, 0, 64.0, 50.0, 64.0)
(53483, -0.00019875385745776286, 0.0012003737971535199, 2005, 113, 0.000975897253341967, -6.9563850406383324e-06, 0, 4504.0, 2551.3125, 472.0)
(53484, -0.0007035350744888957, 0.0011647923965795541, 2005, 114, 0.0009467740459024296, -2.4623727711946242e-05, 0, 3800.0, 2857.0625, 696.0)
(53485, -0.0006929332670160515, 0.0007540310128315084, 2005, 115, 0.0006127161534086491, -2.4252664448816905e-05, 0, 9128.0, 6703.375, 0.0)
(53486, 0.0007538771346359127, 0.003017180852427091, 2005, 116, 0.0024528987235620837, 2.6385699824593392e-05, 0, 944.0, 470.125, 712.0)
(53487, -0.00033535628878396216, 0.0016417319984554566, 2005, 117, 0.0013347073286763564, -1.1737470157410657e-05, 0, 5568.0, 1874.4375, 472.0)
(53488, 0.0001444837915019983, 0.0007542790805782771, 2005, 118, 0.0006132212333570528, 5.056932724099703e-06, 0, 9088.0, 5874.5, 576.0)
(53489, 0.0003083291770400366, 0.0005878595118411335, 2005, 119, 0.0004778540184652246, 1.0791521242345908e-05, 0, 9360.0, 9162.5, 1824.0)
(53490, 0.0013667104239441048, 0.0020767912991546873, 2005, 120, 0.0016880002456436832, 4.7834865041699394e-05, 0, 1144.0, 1030.125, 1144.0)
(53491, 0.0009230111744079476, 0.0048308907845468355, 2005, 121, 0.003927465602649289, 3.2305391241817545e-05, 0, 280.0, 220.9375, 280.0)
(53492, 0.0022372154978874547, 0.002112430483333785, 2005, 122, 0.001716242854898145, 7.8302542759432e-05, 0, 1160.0, 1061.3125, 1160.0)
(53493, 0.0017975737419671759, 0.0029694717718685803, 2005, 123, 0.0024136627241880906, 6.291508123671052e-05, 0, 1720.0, 638.90625, 1720.0)
(53494, 0.000721481382140227, 0.002039704918105355, 2005, 124, 0.0016581695688450797, 2.5251848482417047e-05, 0, 2520.0, 1448.359375, 2520.0)
(53495, -0.0013945238275942307, 0.001989142161445411, 2005, 125, 0.0016167018098882443, -4.8808334173598316e-05, 0, 2304.0, 1362.09375, 2304.0)
(53496, -0.0009507563000547568, 0.0007454373252147313, 2005, 126, 0.0006054424464546532, -3.327647064359022e-05, 0, 10248.0, 7886.75, 1216.0)
(53497, 0.003420628546731561, 0.0008148028675562732, 2005, 127, 0.0006552514343510093, 0.00011972199964531801, 0, 8672.0, 6697.625, 1528.0)
(53498, 0.0014857195864770507, 0.0008637614307178402, 2005, 128, 0.0007009713319845333, 5.200018574808624e-05, 0, 8464.0, 5764.28125, 2552.0)
(53499, 0.0008471653435121111, 0.0008192570269198821, 2005, 129, 0.0006656262385933017, 2.9650787149161362e-05, 0, 7368.0, 5951.3125, 1048.0)
(53500, 0.0033818542946473804, 0.0018866310914341666, 2005, 130, 0.0015308246890519256, 0.00011836490081659388, 0, 5064.0, 1385.9140625, 1208.0)
(53501, -0.0006705828313693193, 0.000688842528848366, 2005, 131, 0.000559709396480505, -2.3470399197850805e-05, 0, 10448.0, 8248.6875, 344.0)
(53502, -0.0031119787306628714, 0.00218243473609715, 2005, 132, 0.0017721260804908576, -0.00010891925603692146, 0, 2872.0, 954.5625, 848.0)
(53503, 0.0004598207355096917, 0.000791315283806765, 2005, 133, 0.0006432126812728373, 1.609372581135784e-05, 0, 6160.0, 5268.375, 824.0)
(53504, 0.00018112218880844742, 0.0006020518229134728, 2005, 134, 0.0004894458846291496, 6.3392766352849695e-06, 0, 8384.0, 8046.5625, 696.0)
(53505, 0.00018586112699960663, 0.0007286689183364228, 2005, 135, 0.0005923901377040734, 6.505139472681699e-06, 0, 6032.0, 5773.6875, 0.0)
(53506, 0.0006259778167714399, 0.0006410313623432493, 2005, 136, 0.0005208592157414485, 2.190922368027836e-05, 0, 8160.0, 7701.625, 280.0)
(53507, 0.0009191544526736589, 0.0008504611876210068, 2005, 137, 0.0006909369930527335, 3.217040598054275e-05, 0, 13848.0, 6611.3125, 1248.0)
(53508, -0.0009928496559814628, 0.0018225513726932202, 2005, 138, 0.00148147970389253, -3.4749738107297324e-05, 0, 5552.0, 1687.34375, 5552.0)
(53509, -0.0005999210539317187, 0.0006415819190356953, 2005, 139, 0.0005213318908266495, -2.0997236977005357e-05, 0, 14504.0, 10182.25, 336.0)
(53510, 0.0008735377192255637, 0.0011350956328214147, 2005, 140, 0.0009225071441715479, 3.0573820303061995e-05, 0, 4128.0, 3206.6875, 1168.0)
(53511, -0.00208557557121199, 0.0033089234060053427, 2005, 141, 0.0026895269244080018, -7.299514530319464e-05, 0, 352.0, 314.1875, 352.0)
(53512, 6.26859743230015e-05, 0.002631910880508069, 2005, 142, 0.002139764166839073, 2.1940091106459904e-06, 0, 576.0, 509.8125, 576.0)
(53514, 0.0007904552850582268, 0.0006257258333190867, 2005, 144, 0.0005082226923077555, 2.7665935094824953e-05, 0, 7448.0, 6628.75, 0.0)
(53515, -0.0006980189019726134, 0.0004888109688329158, 2005, 145, 0.0003969106179242978, -2.443066167305439e-05, 0, 11144.0, 11096.25, 128.0)
(53516, -0.0006180112242715163, 0.0007737628835907748, 2005, 146, 0.0006288296550932612, -2.163039294159392e-05, 0, 11472.0, 5067.671875, 0.0)
(53517, 0.0007628290551731537, 0.0005979744454127405, 2005, 147, 0.0004856732482410927, 2.6699017044730766e-05, 0, 17880.0, 8306.8125, 0.0)
(53518, -0.0021536154261102476, 0.0010407719764508278, 2005, 148, 0.0008439340230666656, -7.537654023477237e-05, 0, 15056.0, 4136.25, 0.0)
(53519, -0.0016001651798262207, 0.0010090533998236638, 2005, 149, 0.0008191040104281908, -5.600578153236092e-05, 0, 14056.0, 4381.75, 0.0)
(53520, 0.002577408970570461, 0.0016482853988442597, 2005, 150, 0.0013380609601516432, 9.020931435403e-05, 0, 1880.0, 1130.9375, 0.0)
(53523, -0.007160288114302335, 0.003433631591682681, 2005, 153, 0.0027841249601772847, -0.0002506100850675478, 0, 6128.0, 746.03125, 64.0)
(53524, -0.0019874358151302706, 0.0010819070988736298, 2005, 154, 0.0008777793570116854, -6.956025382571048e-05, 0, 21768.0, 4961.3125, 0.0)
(53525, -0.0009427950763554004, 0.0006746959977919116, 2005, 155, 0.0005478768945848978, -3.2997827812926425e-05, 0, 27224.0, 10152.981251716614, 0.0)
(53526, -0.0015995803500884163, 0.000671954964963403, 2005, 156, 0.0005444053879217921, -5.598531249145062e-05, 0, 27736.0, 10346.293751239777, 64.0)
(53527, -0.0019539841409990065, 0.0007586558366027336, 2005, 157, 0.0006142821423351515, -6.838944522613156e-05, 0, 22264.0, 8393.5, 0.0)
(53528, -0.0006703121665612193, 0.0010546145733637332, 2005, 158, 0.0008571980237182752, -2.3460925929526973e-05, 0, 11616.0, 4125.703125, 664.0)
(53529, 0.0020604737423455086, 0.001064961222250235, 2005, 159, 0.0008638346507167399, 7.211658128912732e-05, 0, 10928.0, 3862.3114577531815, 0.0)
(53530, 0.002711010320426797, 0.0011654673970803785, 2005, 160, 0.0009443889910601746, 9.48853616189099e-05, 0, 11664.0, 3541.066400527954, 128.0)
(53531, 0.0019753115852899094, 0.0010228518940788513, 2005, 161, 0.0008296851301537958, 6.913590577949119e-05, 0, 20432.0, 5620.099496126175, 1648.0)
(53532, -0.0011345008677704847, 0.0011796231748307162, 2005, 162, 0.0009584997281193536, -3.970753054102077e-05, 0, 30768.0, 5942.335934877396, 1144.0)
(53535, 0.0011691875177298832, 0.002178139035394854, 2005, 165, 0.0017705321649313615, 4.092156329476843e-05, 0, 2992.0, 939.9511699676514, 0.0)
(53536, 0.0008866957084923878, 0.000975555694685317, 2005, 166, 0.0007927332704760294, 3.103434992936153e-05, 0, 14984.0, 4774.6171875, 0.0)
(53537, 0.0016551760772705003, 0.0012777768643909778, 2005, 167, 0.001037774750453375, 5.793116295110797e-05, 0, 9672.0, 2780.386939406395, 584.0)
(53538, 0.0015757913469150017, 0.001081804718904578, 2005, 168, 0.0008783722656207771, 5.515269737683627e-05, 0, 15120.0, 4326.142633199692, 1904.0)
(53539, 0.0012352540415267062, 0.0011713493848766647, 2005, 169, 0.0009516676623311031, 4.3233891637501914e-05, 0, 17064.0, 4630.052827477455, 0.0)
(53540, 0.000888601044169274, 0.0012432113319787279, 2005, 170, 0.0010104245766442614, 3.110103667833646e-05, 0, 14416.0, 3951.9119551181793, 0.0)
(53541, 0.000937562132378263, 0.00106891785973007, 2005, 171, 0.0008686292976542425, 3.281467477294685e-05, 0, 19112.0, 5296.456998825073, 512.0)
(53542, 0.0009325755273589098, 0.006075990722474628, 2005, 172, 0.004939758501145542, 3.2640143596526426e-05, 2, 1016.0, 181.6875, 1016.0)
(53543, -0.0005457657579723031, 0.0025318974725106655, 2005, 173, 0.002058394614492985, -1.9101801610356045e-05, 0, 2808.0, 731.6875, 1640.0)
(53544, -0.019531666976262695, 0.008612831467440064, 2005, 174, 0.006980210699968209, -0.0006836083470796395, 3, 192.0, 88.75, 192.0)
(53545, 0.0016455334727397948, 0.00258800461930341, 2005, 175, 0.0021035476850547034, 5.7593671791096414e-05, 0, 3720.0, 963.4218664169312, 0.0)
(53546, -0.0007677852109767105, 0.0046913917432930075, 2005, 176, 0.0038140769972180594, -2.687248249859378e-05, 0, 576.0, 244.75, 576.0)
(53547, -0.00211296591811598, 0.0026949806043338794, 2005, 177, 0.002190215997283996, -7.395380744891576e-05, 0, 832.0, 722.0, 832.0)
(53548, -0.0005038939249246812, 0.004276466094648467, 2005, 178, 0.003476772082815976, -1.7636287447449888e-05, 0, 448.0, 262.5, 448.0)
(53549, 0.0024354861439144083, 0.0016155918564312133, 2005, 179, 0.0013116597482942978, 8.524201539992001e-05, 0, 7392.0, 1893.859375, 448.0)
(53550, 0.003827254002533109, 0.005444162982967108, 2005, 180, 0.0044248086814040735, 0.0001339538906589641, 0, 344.0, 173.84375, 344.0)
(53551, 0.0022725008077631734, 0.0027132682751701475, 2005, 181, 0.0022049611297009827, 7.953752861034008e-05, 0, 512.0, 496.0, 0.0)
(53558, 0.007016612641814945, 0.004859084149810661, 2005, 188, 0.003945426161952235, 0.00024558144350907986, 0, 192.0, 157.5, 192.0)
(53559, -0.00010127952274309399, 0.002472665973520813, 2005, 189, 0.0020102954425182456, -3.5447833111001143e-06, 0, 4560.0, 768.28125, 3000.0)
(53560, -0.0003440388774542961, 0.0012729530442812296, 2005, 190, 0.0010348748547136318, -1.204136076216615e-05, 0, 9320.0, 3926.125, 0.0)
(53561, -0.0027888523595409748, 0.0011759383561672579, 2005, 191, 0.0009527481620859345, -9.760983299950551e-05, 0, 11816.0, 4658.65625, 0.0)
(53562, 0.0004603804631500721, 0.0006140875368594618, 2005, 192, 0.000499086250975377, 1.6113316278854557e-05, 0, 19736.0, 12805.5625, 0.0)
XTENSION= 'BINTABLE'           /Written by IDL:  Tue May  1 13:58:59 2018       
BITPIX  =                    8 /                                                
NAXIS   =                    2 /Binary table                                    
NAXIS1  =                   68 /Number of bytes per row                         
NAXIS2  =                 4126 /Number of rows                                  
PCOUNT  =                    0 /Random parameter count                          
GCOUNT  =                    1 /Group count                                     
TFIELDS =                   11 /Number of columns                               
EXTNAME = 'RATE    '           /Extension name                                  
VERSION0=               110818 / Version of analyze_scaled_maps_WORK            
VERSION1= '060918  '           / Version of plot_scaled_maps                    
SRC_NAME= 'QSO B0003-066                 ' /                                    
CATNUM  =                33001 /                                                
TIMEDEL =              1.00000 /[d] Light curve sampling period                 
BACKAPP =                    T /Was background correction applied?              
TIMEPIXR=             0.500000 /Bin time beginning=0 middle=0.5 end=1           
E_MIN   =              15.0000 /[keV] Minimum band energy in light curve        
E_MAX   =              50.0000 /[keV] Maximum band energy in light curve        
HDUCLASS= 'OGIP    '           /Conforms to OGIP/GSFC standards                 
HDUCLAS1= 'LIGHTCURVE'         /Contains light curve                            
HDUCLAS2= 'NET     '           /Light curve is background subtracted            
HDUCLAS3= 'RATE    '           /Light curve is count/cm^2/s                     
TIMVERSN= 'OGIP/93-003'        /Version of light curve format                   
OBJECT  = 'QSO B0003-066                 ' /Object name                         
RA_OBJ  =              1.55789 /[deg] R.A. Object J2000                         
DEC_OBJ =             -6.39315 /[deg] Dec Object J2000                          
MEANRATE=        2.1386228E-05 /Overall Mean rate count/s/cm^2                  
MEANSTDV=         0.0031407591 /Sigma on Mean rate count/s/cm^2                 
MEANERR =         0.0022441809 /Average error count/s/cm^2                      
MAXRATE =          0.041626274 /Maximum rate count/s/cm^2                       
TSTART  =                53459 / [d] time start (MJD)                           
TSTOP   =                58239 /[d] time stop (MJD)                             
ONTIME  =                 4780 /[d] ontime (TSTOP-TSTART)                       
TASSIGN = 'SATELLITE'          /Time assigned by clock                          
TIMEREF = 'LOCAL   '           /Time reference (barycenter/local)               
TIMESYS = 'MJD     '           /Time system                                     
TIMEUNIT= 'd       '           /Time unit                                       
DATE-OBS= '2005-03-30T:00:00:00' /Start date of observations                    
DATE-END= '2018-05-01T:00:00:00' /End date of observations                      
DATE    = 'Tue May  1 17:59:00 UTC 2018' /File creation date (YYYY-MM-DDThh:mm:s
TELESCOP= 'SWIFT   '           /Telescope (mission) name                        
INSTRUME= 'BAT     '           /Instrument name                                 
CREATOR = 'IDL 8.2 '           /Program that created this FITS file             
TFORM1  = '1J      '           /Integer*4 (long integer)                        
TTYPE1  = 'TIME    '           /Modified Julian Date                            
TUNIT1  = 'd       '           /                                                
TFORM2  = '1D      '           /Real*8 (double precision)                       
TTYPE2  = 'RATE    '           /Rate for object                                 
TUNIT2  = 'count/cm^2/s'       /                                                
TFORM3  = '1D      '           /Real*8 (double precision)                       
TTYPE3  = 'ERROR   '           /Total error (stat. plus sys.)                   
TUNIT3  = 'count/cm^2/s'       /                                                
TFORM4  = '1I      '           /Integer*2 (short integer)                       
TTYPE4  = 'YEAR    '           /Year                                            
TUNIT4  = 'yr      '           /                                                
TFORM5  = '1J      '           /Integer*4 (long integer)                        
TTYPE5  = 'DAY     '           /Day of Year                                     
TUNIT5  = 'd       '           /                                                
TFORM6  = '1D      '           /Real*8 (double precision)                       
TTYPE6  = 'STAT_ERR'           /Statistical error                               
TUNIT6  = 'count/cm^2/s'       /                                                
TFORM7  = '1D      '           /Real*8 (double precision)                       
TTYPE7  = 'SYS_ERR '           /Systematic error                                
TUNIT7  = 'count/cm^2/s'       /                                                
TFORM8  = '1I      '           /Integer*2 (short integer)                       
TTYPE8  = 'DATA_FLAG'          /Data quality flag (0=good)                      
TFORM9  = '1D      '           /Real*8 (double precision)                       
TTYPE9  = 'TIMEDEL_EXPO'       /Exposure of bin                                 
TUNIT9  = 's       '           /                                                
TFORM10 = '1D      '           /Real*8 (double precision)                       
TTYPE10 = 'TIMEDEL_CODED'      /Exposure scaled by partial coding               
TUNIT10 = 's       '           /                                                
TFORM11 = '1D      '           /Real*8 (double precision)                       
TTYPE11 = 'TIMEDEL_DITHERED'   /Exposure in dithered pointings                  
TUNIT11 = 's       '           /                                                
CHECKSUM= 'NFaWQEXVNEaVNEUV'   / HDU checksum updated 2018-05-01T18:37:05       
DATASUM = '197960036'          / data unit checksum updated 2018-05-01T18:37:05 
