/home/rafael/Harry/astronomy/maxi_LCs/Mrk926.orbital.lc.txt
/home/rafael/Harry/astronomy/maxi_LCs/TRAPPIST-1.orbital.lc.txt
/home/rafael/Harry/astronomy/maxi_LCs/SZPsc.orbital.lc.txt
/home/rafael/Harry/astronomy/maxi_LCs/NGC7603.orbital.lc.txt
/home/rafael/Harry/astronomy/maxi_LCs/NGC7582.orbital.lc.txt
/home/rafael/Harry/astronomy/maxi_LCs/1ES2321p419.orbital.lc.txt
/home/rafael/Harry/astronomy/maxi_LCs/CasA.orbital.lc.txt
/home/rafael/Harry/astronomy/maxi_LCs/EQPeg.orbital.lc.txt
/home/rafael/Harry/astronomy/maxi_LCs/IIPeg.orbital.lc.txt
/home/rafael/Harry/astronomy/maxi_LCs/QSOB2356-309.orbital.lc.txt
/home/rafael/Harry/astronomy/maxi_LCs/IGRJ00291p5934withV709Cas.orbital.lc.txt
/home/rafael/Harry/astronomy/maxi_LCs/SMCX-2.orbital.lc.txt
/home/rafael/Harry/astronomy/maxi_LCs/MAXIJ0511-522.orbital.lc.txt
/home/rafael/Harry/astronomy/maxi_LCs/MAXIJ0636p146.orbital.lc.txt
/home/rafael/Harry/astronomy/maxi_LCs/H1145-619.orbital.lc.txt
/home/rafael/Harry/astronomy/maxi_LCs/V407Cyg.orbital.lc.txt
/home/rafael/Harry/astronomy/maxi_LCs/SAXJ2103.5p4545.orbital.lc.txt
/home/rafael/Harry/astronomy/maxi_LCs/VYAqr.orbital.lc.txt
/home/rafael/Harry/astronomy/maxi_LCs/4C50.55.orbital.lc.txt
/home/rafael/Harry/astronomy/maxi_LCs/M15.orbital.lc.txt
/home/rafael/Harry/astronomy/maxi_LCs/1RXSJ213623.1-622400.orbital.lc.txt
/home/rafael/Harry/astronomy/maxi_LCs/2MASXJ21383340p3205060.orbital.lc.txt
/home/rafael/Harry/astronomy/maxi_LCs/CepX-4.orbital.lc.txt
/home/rafael/Harry/astronomy/maxi_LCs/SSCyg.orbital.lc.txt
/home/rafael/Harry/astronomy/maxi_LCs/CygX-2.orbital.lc.txt
/home/rafael/Harry/astronomy/maxi_LCs/LSPeg.orbital.lc.txt
/home/rafael/Harry/astronomy/maxi_LCs/PKS2155-304.orbital.lc.txt
/home/rafael/Harry/astronomy/maxi_LCs/NGC7172.orbital.lc.txt
/home/rafael/Harry/astronomy/maxi_LCs/4U2206p543.orbital.lc.txt
/home/rafael/Harry/astronomy/maxi_LCs/ESO533-2.orbital.lc.txt
/home/rafael/Harry/astronomy/maxi_LCs/RUPeg.orbital.lc.txt
/home/rafael/Harry/astronomy/maxi_LCs/FOAqr.orbital.lc.txt
/home/rafael/Harry/astronomy/maxi_LCs/Ark564.orbital.lc.txt
/home/rafael/Harry/astronomy/maxi_LCs/AglJ2241p4454.orbital.lc.txt
/home/rafael/Harry/astronomy/maxi_LCs/3C454.3.orbital.lc.txt
/home/rafael/Harry/astronomy/maxi_LCs/MR2251-178.orbital.lc.txt
/home/rafael/Harry/astronomy/maxi_LCs/AOPsc.orbital.lc.txt
/home/rafael/Harry/astronomy/maxi_LCs/NGC7469.orbital.lc.txt
/home/rafael/Harry/astronomy/maxi_LCs/MAXIJ1619-383.orbital.lc.txt
/home/rafael/Harry/astronomy/maxi_LCs/SWIFTJ1626.6-5156.orbital.lc.txt
/home/rafael/Harry/astronomy/maxi_LCs/Abell2199.orbital.lc.txt
/home/rafael/Harry/astronomy/maxi_LCs/4U1624-490.orbital.lc.txt
/home/rafael/Harry/astronomy/maxi_LCs/Antares.orbital.lc.txt
/home/rafael/Harry/astronomy/maxi_LCs/Abell2204.orbital.lc.txt
/home/rafael/Harry/astronomy/maxi_LCs/4U1626-67.orbital.lc.txt
/home/rafael/Harry/astronomy/maxi_LCs/4U1630-472.orbital.lc.txt
/home/rafael/Harry/astronomy/maxi_LCs/4C38.41.orbital.lc.txt
/home/rafael/Harry/astronomy/maxi_LCs/TrACluster.orbital.lc.txt
/home/rafael/Harry/astronomy/maxi_LCs/H1636-536.orbital.lc.txt
/home/rafael/Harry/astronomy/maxi_LCs/SwiftJ164449.3p573451.orbital.lc.txt
/home/rafael/Harry/astronomy/maxi_LCs/GX340p0.orbital.lc.txt
/home/rafael/Harry/astronomy/maxi_LCs/MAXIJ1647-227.orbital.lc.txt
/home/rafael/Harry/astronomy/maxi_LCs/XTEJ1650-500.orbital.lc.txt
/home/rafael/Harry/astronomy/maxi_LCs/Mrk501.orbital.lc.txt
/home/rafael/Harry/astronomy/maxi_LCs/GROJ1655-40.orbital.lc.txt
/home/rafael/Harry/astronomy/maxi_LCs/HerX-1.orbital.lc.txt
/home/rafael/Harry/astronomy/maxi_LCs/MAXIJ1659-152.orbital.lc.txt
/home/rafael/Harry/astronomy/maxi_LCs/OAO1657-41.orbital.lc.txt
/home/rafael/Harry/astronomy/maxi_LCs/XTEJ1701-407.orbital.lc.txt
/home/rafael/Harry/astronomy/maxi_LCs/H1658-298.orbital.lc.txt
/home/rafael/Harry/astronomy/maxi_LCs/GX339-4.orbital.lc.txt
/home/rafael/Harry/astronomy/maxi_LCs/Abell2256.orbital.lc.txt
/home/rafael/Harry/astronomy/maxi_LCs/GX349p2.orbital.lc.txt
/home/rafael/Harry/astronomy/maxi_LCs/4U1700p24.orbital.lc.txt
/home/rafael/Harry/astronomy/maxi_LCs/SwiftJ1706.6-6146.orbital.lc.txt
/home/rafael/Harry/astronomy/maxi_LCs/4U1705-32.orbital.lc.txt
/home/rafael/Harry/astronomy/maxi_LCs/4U1705-440.orbital.lc.txt
/home/rafael/Harry/astronomy/maxi_LCs/XTEJ1709-267.orbital.lc.txt
/home/rafael/Harry/astronomy/maxi_LCs/XTEJ1710-281.orbital.lc.txt
/home/rafael/Harry/astronomy/maxi_LCs/OphiuchusCluster.orbital.lc.txt
/home/rafael/Harry/astronomy/maxi_LCs/SAXJ1712.6-3739.orbital.lc.txt
/home/rafael/Harry/astronomy/maxi_LCs/4U1708-40.orbital.lc.txt
/home/rafael/Harry/astronomy/maxi_LCs/4U1711-34.orbital.lc.txt
/home/rafael/Harry/astronomy/maxi_LCs/NGC6300.orbital.lc.txt
/home/rafael/Harry/astronomy/maxi_LCs/GRS1716-249.orbital.lc.txt
/home/rafael/Harry/astronomy/maxi_LCs/IGRJ17191-2821.orbital.lc.txt
/home/rafael/Harry/astronomy/maxi_LCs/V2674Oph.orbital.lc.txt
/home/rafael/Harry/astronomy/maxi_LCs/Terzan2.orbital.lc.txt
/home/rafael/Harry/astronomy/maxi_LCs/MAXIJ1727-203.orbital.lc.txt
/home/rafael/Harry/astronomy/maxi_LCs/GX9p9.orbital.lc.txt
/home/rafael/Harry/astronomy/maxi_LCs/GX354-0_Slow-BursterwithRapid-Burster.orbital.lc.txt
/home/rafael/Harry/astronomy/maxi_LCs/GX1p4.orbital.lc.txt
/home/rafael/Harry/astronomy/maxi_LCs/H1730-333_Rapid-BursterwithSlow-Burster.orbital.lc.txt
/home/rafael/Harry/astronomy/maxi_LCs/MAXIJ1735-304.orbital.lc.txt
/home/rafael/Harry/astronomy/maxi_LCs/Terzan1.orbital.lc.txt
/home/rafael/Harry/astronomy/maxi_LCs/IGRJ17379-3747.orbital.lc.txt
/home/rafael/Harry/astronomy/maxi_LCs/SLX1735-269.orbital.lc.txt
/home/rafael/Harry/astronomy/maxi_LCs/H1735-444.orbital.lc.txt
/home/rafael/Harry/astronomy/maxi_LCs/SwiftJ1741.5-6548.orbital.lc.txt
/home/rafael/Harry/astronomy/maxi_LCs/4Cp18.51.orbital.lc.txt
/home/rafael/Harry/astronomy/maxi_LCs/GRS1739-278.orbital.lc.txt
/home/rafael/Harry/astronomy/maxi_LCs/GalacticCenterRegion.orbital.lc.txt
/home/rafael/Harry/astronomy/maxi_LCs/1A1742-294.orbital.lc.txt
/home/rafael/Harry/astronomy/maxi_LCs/H1743-322.orbital.lc.txt
/home/rafael/Harry/astronomy/maxi_LCs/GX3p1.orbital.lc.txt
/home/rafael/Harry/astronomy/maxi_LCs/SAXJ1747.0-2853.orbital.lc.txt
/home/rafael/Harry/astronomy/maxi_LCs/NGC6440.orbital.lc.txt
/home/rafael/Harry/astronomy/maxi_LCs/Terzan5.orbital.lc.txt
/home/rafael/Harry/astronomy/maxi_LCs/SLX1746-331.orbital.lc.txt
/home/rafael/Harry/astronomy/maxi_LCs/GRS1747-312.orbital.lc.txt
/home/rafael/Harry/astronomy/maxi_LCs/4U1746-37.orbital.lc.txt
/home/rafael/Harry/astronomy/maxi_LCs/4C09.57.orbital.lc.txt
/home/rafael/Harry/astronomy/maxi_LCs/XTEJ1752-223.orbital.lc.txt
/home/rafael/Harry/astronomy/maxi_LCs/SwiftJ1753.5-0127.orbital.lc.txt
/home/rafael/Harry/astronomy/maxi_LCs/GX9p1.orbital.lc.txt
/home/rafael/Harry/astronomy/maxi_LCs/GX5-1.orbital.lc.txt
/home/rafael/Harry/astronomy/maxi_LCs/1RXSJ180408.9-342058.orbital.lc.txt
/home/rafael/Harry/astronomy/maxi_LCs/XTEJ1807-294.orbital.lc.txt
/home/rafael/Harry/astronomy/maxi_LCs/V426Oph.orbital.lc.txt
/home/rafael/Harry/astronomy/maxi_LCs/HD347929.orbital.lc.txt
/home/rafael/Harry/astronomy/maxi_LCs/MAXIJ1807p132.orbital.lc.txt
/home/rafael/Harry/astronomy/maxi_LCs/SAXJ1808.4-3658.orbital.lc.txt
/home/rafael/Harry/astronomy/maxi_LCs/XTEJ1810-189.orbital.lc.txt
/home/rafael/Harry/astronomy/maxi_LCs/SAXJ1810.8-2609.orbital.lc.txt
/home/rafael/Harry/astronomy/maxi_LCs/GX13p1.orbital.lc.txt
/home/rafael/Harry/astronomy/maxi_LCs/AMHer.orbital.lc.txt
/home/rafael/Harry/astronomy/maxi_LCs/GX17p2.orbital.lc.txt
/home/rafael/Harry/astronomy/maxi_LCs/V4641Sgr.orbital.lc.txt
/home/rafael/Harry/astronomy/maxi_LCs/MAXIJ1820p070.orbital.lc.txt
/home/rafael/Harry/astronomy/maxi_LCs/SwiftJ1822.3-1606.orbital.lc.txt
/home/rafael/Harry/astronomy/maxi_LCs/NGC6624.orbital.lc.txt
/home/rafael/Harry/astronomy/maxi_LCs/AXJ1824.5-2451.orbital.lc.txt
/home/rafael/Harry/astronomy/maxi_LCs/H1822-000.orbital.lc.txt
/home/rafael/Harry/astronomy/maxi_LCs/4U1822-371.orbital.lc.txt
/home/rafael/Harry/astronomy/maxi_LCs/SAXJ1828.5-1037.orbital.lc.txt
/home/rafael/Harry/astronomy/maxi_LCs/MAXIJ1828-249.orbital.lc.txt
/home/rafael/Harry/astronomy/maxi_LCs/GS1826-238.orbital.lc.txt
/home/rafael/Harry/astronomy/maxi_LCs/SGR1833-0832.orbital.lc.txt
/home/rafael/Harry/astronomy/maxi_LCs/SwiftJ1834.9-0846.orbital.lc.txt
/home/rafael/Harry/astronomy/maxi_LCs/3C382.orbital.lc.txt
/home/rafael/Harry/astronomy/maxi_LCs/SctX-1.orbital.lc.txt
/home/rafael/Harry/astronomy/maxi_LCs/MAXIJ1836-194.orbital.lc.txt
/home/rafael/Harry/astronomy/maxi_LCs/RXJ1832-33.orbital.lc.txt
/home/rafael/Harry/astronomy/maxi_LCs/Fairall49.orbital.lc.txt
/home/rafael/Harry/astronomy/maxi_LCs/ESO103-035.orbital.lc.txt
/home/rafael/Harry/astronomy/maxi_LCs/SerX-1.orbital.lc.txt
/home/rafael/Harry/astronomy/maxi_LCs/1E1841-045.orbital.lc.txt
/home/rafael/Harry/astronomy/maxi_LCs/IGRJ18410-0535.orbital.lc.txt
/home/rafael/Harry/astronomy/maxi_LCs/3C390.3.orbital.lc.txt
/home/rafael/Harry/astronomy/maxi_LCs/SwiftJ1843.5-0343.orbital.lc.txt
/home/rafael/Harry/astronomy/maxi_LCs/GS1843p00.orbital.lc.txt
/home/rafael/Harry/astronomy/maxi_LCs/GS1843-02.orbital.lc.txt
/home/rafael/Harry/astronomy/maxi_LCs/IGRJ18483-0311.orbital.lc.txt
/home/rafael/Harry/astronomy/maxi_LCs/4U1850-086.orbital.lc.txt
/home/rafael/Harry/astronomy/maxi_LCs/XTEJ1855-026.orbital.lc.txt
/home/rafael/Harry/astronomy/maxi_LCs/V1223Sgr.orbital.lc.txt
/home/rafael/Harry/astronomy/maxi_LCs/XTEJ1858p034.orbital.lc.txt
/home/rafael/Harry/astronomy/maxi_LCs/XTEJ1859p226.orbital.lc.txt
/home/rafael/Harry/astronomy/maxi_LCs/XTEJ1859p083.orbital.lc.txt
/home/rafael/Harry/astronomy/maxi_LCs/HETEJ1900.1-2455.orbital.lc.txt
/home/rafael/Harry/astronomy/maxi_LCs/4U1901p03.orbital.lc.txt
/home/rafael/Harry/astronomy/maxi_LCs/XTEJ1908p094.orbital.lc.txt
/home/rafael/Harry/astronomy/maxi_LCs/4U1909p07.orbital.lc.txt
/home/rafael/Harry/astronomy/maxi_LCs/MAXIJ1910-057.orbital.lc.txt
/home/rafael/Harry/astronomy/maxi_LCs/AqlX-1.orbital.lc.txt
/home/rafael/Harry/astronomy/maxi_LCs/SS433.orbital.lc.txt
/home/rafael/Harry/astronomy/maxi_LCs/GRS1915p105.orbital.lc.txt
/home/rafael/Harry/astronomy/maxi_LCs/4U1916-053.orbital.lc.txt
/home/rafael/Harry/astronomy/maxi_LCs/Abell2319.orbital.lc.txt
/home/rafael/Harry/astronomy/maxi_LCs/ESO141-55.orbital.lc.txt
/home/rafael/Harry/astronomy/maxi_LCs/SwiftJ1922.7-1716.orbital.lc.txt
/home/rafael/Harry/astronomy/maxi_LCs/IGRJ19294p1816.orbital.lc.txt
/home/rafael/Harry/astronomy/maxi_LCs/2FGLJ1931.1p0938.orbital.lc.txt
/home/rafael/Harry/astronomy/maxi_LCs/1H1934-063.orbital.lc.txt
/home/rafael/Harry/astronomy/maxi_LCs/NGC6814withV1432Aql.orbital.lc.txt
/home/rafael/Harry/astronomy/maxi_LCs/XTEJ1946p274.orbital.lc.txt
/home/rafael/Harry/astronomy/maxi_LCs/KS1947p300.orbital.lc.txt
/home/rafael/Harry/astronomy/maxi_LCs/4U1954p319.orbital.lc.txt
/home/rafael/Harry/astronomy/maxi_LCs/MAXIJ1957p032.orbital.lc.txt
/home/rafael/Harry/astronomy/maxi_LCs/CygX-1.orbital.lc.txt
/home/rafael/Harry/astronomy/maxi_LCs/4U1957p115.orbital.lc.txt
/home/rafael/Harry/astronomy/maxi_LCs/CygA.orbital.lc.txt
/home/rafael/Harry/astronomy/maxi_LCs/1ES1959p650.orbital.lc.txt
/home/rafael/Harry/astronomy/maxi_LCs/GS2000p251.orbital.lc.txt
/home/rafael/Harry/astronomy/maxi_LCs/NGC6860.orbital.lc.txt
/home/rafael/Harry/astronomy/maxi_LCs/Abell3667.orbital.lc.txt
/home/rafael/Harry/astronomy/maxi_LCs/GS2023p338.orbital.lc.txt
/home/rafael/Harry/astronomy/maxi_LCs/EXO2030p375.orbital.lc.txt
/home/rafael/Harry/astronomy/maxi_LCs/CygX-3.orbital.lc.txt
/home/rafael/Harry/astronomy/maxi_LCs/ATMic.orbital.lc.txt
/home/rafael/Harry/astronomy/maxi_LCs/4Cp74.26.orbital.lc.txt
/home/rafael/Harry/astronomy/maxi_LCs/Mrk509.orbital.lc.txt
/home/rafael/Harry/astronomy/maxi_LCs/CygLoop.orbital.lc.txt
/home/rafael/Harry/astronomy/maxi_LCs/SwiftJ2058.4p0516.orbital.lc.txt
/home/rafael/Harry/astronomy/maxi_LCs/GROJ2058p42.orbital.lc.txt
/home/rafael/Harry/astronomy/maxi_LCs/Mrk335.orbital.lc.txt
/home/rafael/Harry/astronomy/maxi_LCs/WWCet.orbital.lc.txt
/home/rafael/Harry/astronomy/maxi_LCs/TychoSNR.orbital.lc.txt
/home/rafael/Harry/astronomy/maxi_LCs/V709CaswithIGRJ00291p5934.orbital.lc.txt
/home/rafael/Harry/astronomy/maxi_LCs/2MASXJ00341665-7905204.orbital.lc.txt
/home/rafael/Harry/astronomy/maxi_LCs/1ES0033p595.orbital.lc.txt
/home/rafael/Harry/astronomy/maxi_LCs/BDp6270.orbital.lc.txt
/home/rafael/Harry/astronomy/maxi_LCs/Abell85.orbital.lc.txt
/home/rafael/Harry/astronomy/maxi_LCs/M31.orbital.lc.txt
/home/rafael/Harry/astronomy/maxi_LCs/Mrk348.orbital.lc.txt
/home/rafael/Harry/astronomy/maxi_LCs/Mrk1148.orbital.lc.txt
/home/rafael/Harry/astronomy/maxi_LCs/SMCX-3.orbital.lc.txt
/home/rafael/Harry/astronomy/maxi_LCs/GammaCas.orbital.lc.txt
/home/rafael/Harry/astronomy/maxi_LCs/Abell119.orbital.lc.txt
/home/rafael/Harry/astronomy/maxi_LCs/MAXIJ0057-720.orbital.lc.txt
/home/rafael/Harry/astronomy/maxi_LCs/SMCX-1.orbital.lc.txt
/home/rafael/Harry/astronomy/maxi_LCs/4U0115p63.orbital.lc.txt
/home/rafael/Harry/astronomy/maxi_LCs/4U0114p65.orbital.lc.txt
/home/rafael/Harry/astronomy/maxi_LCs/ARPsc.orbital.lc.txt
/home/rafael/Harry/astronomy/maxi_LCs/1ES0120p340.orbital.lc.txt
/home/rafael/Harry/astronomy/maxi_LCs/Fairall9.orbital.lc.txt
/home/rafael/Harry/astronomy/maxi_LCs/UVCet.orbital.lc.txt
/home/rafael/Harry/astronomy/maxi_LCs/4U0142p61.orbital.lc.txt
/home/rafael/Harry/astronomy/maxi_LCs/Abell262.orbital.lc.txt
/home/rafael/Harry/astronomy/maxi_LCs/MAXIJ0158-744.orbital.lc.txt
/home/rafael/Harry/astronomy/maxi_LCs/LEDA138501.orbital.lc.txt
/home/rafael/Harry/astronomy/maxi_LCs/3C66A.orbital.lc.txt
/home/rafael/Harry/astronomy/maxi_LCs/NGC931.orbital.lc.txt
/home/rafael/Harry/astronomy/maxi_LCs/NGC973.orbital.lc.txt
/home/rafael/Harry/astronomy/maxi_LCs/CCEri.orbital.lc.txt
/home/rafael/Harry/astronomy/maxi_LCs/LSIp61303withSwiftJ0243.6p6124.orbital.lc.txt
/home/rafael/Harry/astronomy/maxi_LCs/NGC1068.orbital.lc.txt
/home/rafael/Harry/astronomy/maxi_LCs/VYAri.orbital.lc.txt
/home/rafael/Harry/astronomy/maxi_LCs/Abell401.orbital.lc.txt
/home/rafael/Harry/astronomy/maxi_LCs/MCG-02-08-038.orbital.lc.txt
/home/rafael/Harry/astronomy/maxi_LCs/Algol.orbital.lc.txt
/home/rafael/Harry/astronomy/maxi_LCs/PerseusCluster.orbital.lc.txt
/home/rafael/Harry/astronomy/maxi_LCs/UXAri.orbital.lc.txt
/home/rafael/Harry/astronomy/maxi_LCs/GKPer.orbital.lc.txt
/home/rafael/Harry/astronomy/maxi_LCs/NGC1365.orbital.lc.txt
/home/rafael/Harry/astronomy/maxi_LCs/V0332p53.orbital.lc.txt
/home/rafael/Harry/astronomy/maxi_LCs/HR1099.orbital.lc.txt
/home/rafael/Harry/astronomy/maxi_LCs/ZwCl0335p0956.orbital.lc.txt
/home/rafael/Harry/astronomy/maxi_LCs/ESO548-81.orbital.lc.txt
/home/rafael/Harry/astronomy/maxi_LCs/XPer.orbital.lc.txt
/home/rafael/Harry/astronomy/maxi_LCs/VWHyi.orbital.lc.txt
/home/rafael/Harry/astronomy/maxi_LCs/Abell478.orbital.lc.txt
/home/rafael/Harry/astronomy/maxi_LCs/1ES0414p009.orbital.lc.txt
/home/rafael/Harry/astronomy/maxi_LCs/3C111.orbital.lc.txt
/home/rafael/Harry/astronomy/maxi_LCs/SGR0418p5729.orbital.lc.txt
/home/rafael/Harry/astronomy/maxi_LCs/1H0419-577.orbital.lc.txt
/home/rafael/Harry/astronomy/maxi_LCs/Abell3266.orbital.lc.txt
/home/rafael/Harry/astronomy/maxi_LCs/3C120.orbital.lc.txt
/home/rafael/Harry/astronomy/maxi_LCs/Abell496.orbital.lc.txt
/home/rafael/Harry/astronomy/maxi_LCs/MCG-02-12-050.orbital.lc.txt
/home/rafael/Harry/astronomy/maxi_LCs/LSVp4417.orbital.lc.txt
/home/rafael/Harry/astronomy/maxi_LCs/KTEri.orbital.lc.txt
/home/rafael/Harry/astronomy/maxi_LCs/3C129.orbital.lc.txt
/home/rafael/Harry/astronomy/maxi_LCs/MCG-01-13-025.orbital.lc.txt
/home/rafael/Harry/astronomy/maxi_LCs/1ES0502p675.orbital.lc.txt
/home/rafael/Harry/astronomy/maxi_LCs/IRAS05078p1626.orbital.lc.txt
/home/rafael/Harry/astronomy/maxi_LCs/4U0513-40.orbital.lc.txt
/home/rafael/Harry/astronomy/maxi_LCs/Ark120.orbital.lc.txt
/home/rafael/Harry/astronomy/maxi_LCs/RXJ0520.5-6932.orbital.lc.txt
/home/rafael/Harry/astronomy/maxi_LCs/LMCX-2.orbital.lc.txt
/home/rafael/Harry/astronomy/maxi_LCs/PKS0521-365.orbital.lc.txt
/home/rafael/Harry/astronomy/maxi_LCs/TVCol.orbital.lc.txt
/home/rafael/Harry/astronomy/maxi_LCs/LMCX-4.orbital.lc.txt
/home/rafael/Harry/astronomy/maxi_LCs/OrionNebula.orbital.lc.txt
/home/rafael/Harry/astronomy/maxi_LCs/Crab.orbital.lc.txt
/home/rafael/Harry/astronomy/maxi_LCs/A0535p262.orbital.lc.txt
/home/rafael/Harry/astronomy/maxi_LCs/LMCX-3.orbital.lc.txt
/home/rafael/Harry/astronomy/maxi_LCs/LMCX-1.orbital.lc.txt
/home/rafael/Harry/astronomy/maxi_LCs/BYCam.orbital.lc.txt
/home/rafael/Harry/astronomy/maxi_LCs/ZetaOri.orbital.lc.txt
/home/rafael/Harry/astronomy/maxi_LCs/SwiftJ0549.7-6812.orbital.lc.txt
/home/rafael/Harry/astronomy/maxi_LCs/NGC2110.orbital.lc.txt
/home/rafael/Harry/astronomy/maxi_LCs/MCGp08-11-011.orbital.lc.txt
/home/rafael/Harry/astronomy/maxi_LCs/Betelgeuse.orbital.lc.txt
/home/rafael/Harry/astronomy/maxi_LCs/MAXIJ0556-332.orbital.lc.txt
/home/rafael/Harry/astronomy/maxi_LCs/IGRJ06074p2205.orbital.lc.txt
/home/rafael/Harry/astronomy/maxi_LCs/SSAur.orbital.lc.txt
/home/rafael/Harry/astronomy/maxi_LCs/IC443SNR.orbital.lc.txt
/home/rafael/Harry/astronomy/maxi_LCs/H0614p091.orbital.lc.txt
/home/rafael/Harry/astronomy/maxi_LCs/A0620-00.orbital.lc.txt
/home/rafael/Harry/astronomy/maxi_LCs/MRC0625-536.orbital.lc.txt
/home/rafael/Harry/astronomy/maxi_LCs/Abell3395.orbital.lc.txt
/home/rafael/Harry/astronomy/maxi_LCs/MWC148.orbital.lc.txt
/home/rafael/Harry/astronomy/maxi_LCs/1ES0647p25.0.orbital.lc.txt
/home/rafael/Harry/astronomy/maxi_LCs/MXB0656-072.orbital.lc.txt
/home/rafael/Harry/astronomy/maxi_LCs/S50716p71.orbital.lc.txt
/home/rafael/Harry/astronomy/maxi_LCs/4U0728-25.orbital.lc.txt
/home/rafael/Harry/astronomy/maxi_LCs/YZCMi.orbital.lc.txt
/home/rafael/Harry/astronomy/maxi_LCs/ClG0745-1910.orbital.lc.txt
/home/rafael/Harry/astronomy/maxi_LCs/EXO0748-676.orbital.lc.txt
/home/rafael/Harry/astronomy/maxi_LCs/UGem.orbital.lc.txt
/home/rafael/Harry/astronomy/maxi_LCs/MAXIJ0758-456.orbital.lc.txt
/home/rafael/Harry/astronomy/maxi_LCs/SUUMa.orbital.lc.txt
/home/rafael/Harry/astronomy/maxi_LCs/Abell644.orbital.lc.txt
/home/rafael/Harry/astronomy/maxi_LCs/UGC4305.orbital.lc.txt
/home/rafael/Harry/astronomy/maxi_LCs/PupA.orbital.lc.txt
/home/rafael/Harry/astronomy/maxi_LCs/NGC2617.orbital.lc.txt
/home/rafael/Harry/astronomy/maxi_LCs/GS0834-430withGS0836-429.orbital.lc.txt
/home/rafael/Harry/astronomy/maxi_LCs/VelaPulsarandSNR.orbital.lc.txt
/home/rafael/Harry/astronomy/maxi_LCs/SWUMa.orbital.lc.txt
/home/rafael/Harry/astronomy/maxi_LCs/BZUMa.orbital.lc.txt
/home/rafael/Harry/astronomy/maxi_LCs/OJ287.orbital.lc.txt
/home/rafael/Harry/astronomy/maxi_LCs/VelaX-1.orbital.lc.txt
/home/rafael/Harry/astronomy/maxi_LCs/Abell754.orbital.lc.txt
/home/rafael/Harry/astronomy/maxi_LCs/MAXIJ0911-655andSwiftJ0911.9-6452.orbital.lc.txt
/home/rafael/Harry/astronomy/maxi_LCs/GRB130505B.orbital.lc.txt
/home/rafael/Harry/astronomy/maxi_LCs/MCG-01-24-012.orbital.lc.txt
/home/rafael/Harry/astronomy/maxi_LCs/1H0918-548.orbital.lc.txt
/home/rafael/Harry/astronomy/maxi_LCs/2S0921-63.orbital.lc.txt
/home/rafael/Harry/astronomy/maxi_LCs/X0922-314.orbital.lc.txt
/home/rafael/Harry/astronomy/maxi_LCs/Mrk110.orbital.lc.txt
/home/rafael/Harry/astronomy/maxi_LCs/NGC2992.orbital.lc.txt
/home/rafael/Harry/astronomy/maxi_LCs/MCG-05-23-016.orbital.lc.txt
/home/rafael/Harry/astronomy/maxi_LCs/M82.orbital.lc.txt
/home/rafael/Harry/astronomy/maxi_LCs/2MASXJ09594263-3112581.orbital.lc.txt
/home/rafael/Harry/astronomy/maxi_LCs/GROJ1008-57.orbital.lc.txt
/home/rafael/Harry/astronomy/maxi_LCs/1ES1011p496.orbital.lc.txt
/home/rafael/Harry/astronomy/maxi_LCs/PSRJ1023p0038.orbital.lc.txt
/home/rafael/Harry/astronomy/maxi_LCs/NGC3227.orbital.lc.txt
/home/rafael/Harry/astronomy/maxi_LCs/M95.orbital.lc.txt
/home/rafael/Harry/astronomy/maxi_LCs/EtaCar.orbital.lc.txt
/home/rafael/Harry/astronomy/maxi_LCs/RXJ1053.7p4929.orbital.lc.txt
/home/rafael/Harry/astronomy/maxi_LCs/ELUMa.orbital.lc.txt
/home/rafael/Harry/astronomy/maxi_LCs/1ES1101-23.2.orbital.lc.txt
/home/rafael/Harry/astronomy/maxi_LCs/Mrk421.orbital.lc.txt
/home/rafael/Harry/astronomy/maxi_LCs/NGC3516.orbital.lc.txt
/home/rafael/Harry/astronomy/maxi_LCs/SwiftJ1112.2-8238.orbital.lc.txt
/home/rafael/Harry/astronomy/maxi_LCs/RGBJ1117p202.orbital.lc.txt
/home/rafael/Harry/astronomy/maxi_LCs/XTEJ1118p480.orbital.lc.txt
/home/rafael/Harry/astronomy/maxi_LCs/CenX-3.orbital.lc.txt
/home/rafael/Harry/astronomy/maxi_LCs/RGBJ1136p676.orbital.lc.txt
/home/rafael/Harry/astronomy/maxi_LCs/TLeo.orbital.lc.txt
/home/rafael/Harry/astronomy/maxi_LCs/NGC3783.orbital.lc.txt
/home/rafael/Harry/astronomy/maxi_LCs/GTMus.orbital.lc.txt
/home/rafael/Harry/astronomy/maxi_LCs/DODra.orbital.lc.txt
/home/rafael/Harry/astronomy/maxi_LCs/Abell1367.orbital.lc.txt
/home/rafael/Harry/astronomy/maxi_LCs/2MASXJ11454045-1827149.orbital.lc.txt
/home/rafael/Harry/astronomy/maxi_LCs/1E1145.1-6141.orbital.lc.txt
/home/rafael/Harry/astronomy/maxi_LCs/NGC4051.orbital.lc.txt
/home/rafael/Harry/astronomy/maxi_LCs/NGC4151.orbital.lc.txt
/home/rafael/Harry/astronomy/maxi_LCs/4U1210-64.orbital.lc.txt
/home/rafael/Harry/astronomy/maxi_LCs/ON231.orbital.lc.txt
/home/rafael/Harry/astronomy/maxi_LCs/1ES1218p304.orbital.lc.txt
/home/rafael/Harry/astronomy/maxi_LCs/4C4.42.orbital.lc.txt
/home/rafael/Harry/astronomy/maxi_LCs/GX301-2.orbital.lc.txt
/home/rafael/Harry/astronomy/maxi_LCs/XSSJ12270-4859.orbital.lc.txt
/home/rafael/Harry/astronomy/maxi_LCs/3C273.orbital.lc.txt
/home/rafael/Harry/astronomy/maxi_LCs/M87.orbital.lc.txt
/home/rafael/Harry/astronomy/maxi_LCs/NGC4593.orbital.lc.txt
/home/rafael/Harry/astronomy/maxi_LCs/CentaurusCluster.orbital.lc.txt
/home/rafael/Harry/astronomy/maxi_LCs/1A1246-588.orbital.lc.txt
/home/rafael/Harry/astronomy/maxi_LCs/EXHya.orbital.lc.txt
/home/rafael/Harry/astronomy/maxi_LCs/3C279.orbital.lc.txt
/home/rafael/Harry/astronomy/maxi_LCs/4U1254-690.orbital.lc.txt
/home/rafael/Harry/astronomy/maxi_LCs/ComaCluster.orbital.lc.txt
/home/rafael/Harry/astronomy/maxi_LCs/GX304-1.orbital.lc.txt
/home/rafael/Harry/astronomy/maxi_LCs/IGRJ13020-6359.orbital.lc.txt
/home/rafael/Harry/astronomy/maxi_LCs/PSRB1259-63.orbital.lc.txt
/home/rafael/Harry/astronomy/maxi_LCs/MAXIJ1305-704.orbital.lc.txt
/home/rafael/Harry/astronomy/maxi_LCs/CIZAJ1324.7-5736.orbital.lc.txt
/home/rafael/Harry/astronomy/maxi_LCs/SAXJ1324.5-6313.orbital.lc.txt
/home/rafael/Harry/astronomy/maxi_LCs/Spica.orbital.lc.txt
/home/rafael/Harry/astronomy/maxi_LCs/CenA.orbital.lc.txt
/home/rafael/Harry/astronomy/maxi_LCs/4U1323-619.orbital.lc.txt
/home/rafael/Harry/astronomy/maxi_LCs/M51.orbital.lc.txt
/home/rafael/Harry/astronomy/maxi_LCs/Abell3558.orbital.lc.txt
/home/rafael/Harry/astronomy/maxi_LCs/MCG-06-30-15.orbital.lc.txt
/home/rafael/Harry/astronomy/maxi_LCs/NGC5252.orbital.lc.txt
/home/rafael/Harry/astronomy/maxi_LCs/PQGem.orbital.lc.txt
/home/rafael/Harry/astronomy/maxi_LCs/Abell3571.orbital.lc.txt
/home/rafael/Harry/astronomy/maxi_LCs/4U1344-60.orbital.lc.txt
/home/rafael/Harry/astronomy/maxi_LCs/Abell1795.orbital.lc.txt
/home/rafael/Harry/astronomy/maxi_LCs/IC4329A.orbital.lc.txt
/home/rafael/Harry/astronomy/maxi_LCs/SwiftJ1357.2-0933.orbital.lc.txt
/home/rafael/Harry/astronomy/maxi_LCs/GS1354-64.orbital.lc.txt
/home/rafael/Harry/astronomy/maxi_LCs/MAXIJ1409-619.orbital.lc.txt
/home/rafael/Harry/astronomy/maxi_LCs/2MASXJ14104482-4228325.orbital.lc.txt
/home/rafael/Harry/astronomy/maxi_LCs/NGC5506.orbital.lc.txt
/home/rafael/Harry/astronomy/maxi_LCs/NGC5548.orbital.lc.txt
/home/rafael/Harry/astronomy/maxi_LCs/2S1417-624.orbital.lc.txt
/home/rafael/Harry/astronomy/maxi_LCs/1ES1426p428.orbital.lc.txt
/home/rafael/Harry/astronomy/maxi_LCs/RCW86.orbital.lc.txt
/home/rafael/Harry/astronomy/maxi_LCs/CenX-4.orbital.lc.txt
/home/rafael/Harry/astronomy/maxi_LCs/SN1006.orbital.lc.txt
/home/rafael/Harry/astronomy/maxi_LCs/Abell2029.orbital.lc.txt
/home/rafael/Harry/astronomy/maxi_LCs/PKS1510-08.orbital.lc.txt
/home/rafael/Harry/astronomy/maxi_LCs/LATJ1512-3221.orbital.lc.txt
/home/rafael/Harry/astronomy/maxi_LCs/PSRB1509-58.orbital.lc.txt
/home/rafael/Harry/astronomy/maxi_LCs/APLib.orbital.lc.txt
/home/rafael/Harry/astronomy/maxi_LCs/CirX-1.orbital.lc.txt
/home/rafael/Harry/astronomy/maxi_LCs/Abell2065.orbital.lc.txt
/home/rafael/Harry/astronomy/maxi_LCs/Abell2063.orbital.lc.txt
/home/rafael/Harry/astronomy/maxi_LCs/4U1538-52.orbital.lc.txt
/home/rafael/Harry/astronomy/maxi_LCs/MAXIJ1543-564.orbital.lc.txt
/home/rafael/Harry/astronomy/maxi_LCs/4U1543-475.orbital.lc.txt
/home/rafael/Harry/astronomy/maxi_LCs/4U1543-624.orbital.lc.txt
/home/rafael/Harry/astronomy/maxi_LCs/NGC5995.orbital.lc.txt
/home/rafael/Harry/astronomy/maxi_LCs/1E1547.0-5408.orbital.lc.txt
/home/rafael/Harry/astronomy/maxi_LCs/PG1553p113.orbital.lc.txt
/home/rafael/Harry/astronomy/maxi_LCs/H1553-542.orbital.lc.txt
/home/rafael/Harry/astronomy/maxi_LCs/Abell2142.orbital.lc.txt
/home/rafael/Harry/astronomy/maxi_LCs/1H1556-605.orbital.lc.txt
/home/rafael/Harry/astronomy/maxi_LCs/Abell2147.orbital.lc.txt
/home/rafael/Harry/astronomy/maxi_LCs/2MASXJ16115141-6037549.orbital.lc.txt
/home/rafael/Harry/astronomy/maxi_LCs/4U1608-52.orbital.lc.txt
/home/rafael/Harry/astronomy/maxi_LCs/Abell2163.orbital.lc.txt
/home/rafael/Harry/astronomy/maxi_LCs/ScoX-1.orbital.lc.txt
/home/rafael/Harry/astronomy/maxi_LCs/IGRJ16194-2810.orbital.lc.txt
/home/rafael/Harry/astronomy/maxi_LCs/MAXIJ1421-613.orbital.lc.txt
/home/rafael/Harry/astronomy/maxi_LCs/MAXIJ1501-026.orbital.lc.txt
/home/rafael/Harry/astronomy/maxi_LCs/MAXIJ1535-571.orbital.lc.txt
/home/rafael/Harry/astronomy/maxi_LCs/XTEJ1550-564.orbital.lc.txt
/home/rafael/Harry/astronomy/maxi_LCs/MAXIJ1621-501.orbital.lc.txt
/home/rafael/Harry/astronomy/maxi_LCs/MAXIJ1630-276.orbital.lc.txt
/home/rafael/Harry/astronomy/maxi_LCs/SwiftJ1658.2-4242.orbital.lc.txt
/home/rafael/Harry/astronomy/maxi_LCs/MAXIJ1714-130.orbital.lc.txt
/home/rafael/Harry/astronomy/maxi_LCs/EXO1722-363.orbital.lc.txt
/home/rafael/Harry/astronomy/maxi_LCs/MAXIJ1813-095.orbital.lc.txt
/home/rafael/Harry/astronomy/maxi_LCs/XTEJ1856p053.orbital.lc.txt
/home/rafael/Harry/astronomy/maxi_LCs/MAXIJ1932p091.orbital.lc.txt
/home/rafael/Harry/astronomy/maxi_LCs/IMPeg.orbital.lc.txt
===========================
Erroneos
===========================
/home/rafael/Harry/astronomy/maxi_LCs/MRC0625-536.orbital.lc.txt
/home/rafael/Harry/astronomy/maxi_LCs/PQGem.orbital.lc.txt
