AXJ1749.1-2639lc.txt
SwiftJ1749.4-2807lc.txt
IGRJ17497-2821lc.txt
SLX1746-331lc.txt
4U1746-370lc.txt
RSOphlc.txt
SAXJ1750.8-2900lc.txt
EXO1747-214lc.txt
GRS1747-312lc.txt
IGRJ17511-3057lc.txt
XTEJ1751-305lc.txt
1RXSJ175113.3-201214lc.txt
4C09.57lc.txt
XTEJ1752-223lc.txt
SAXJ1752.3-3138lc.txt
SWIFTJ1753.5-0127lc.txt
SAXJ1753.5-2349lc.txt
RXJ1753.6p2848lc.txt
AXJ1754.2-2754lc.txt
IGRJ17544-2619lc.txt
HD163621lc.txt
XTEJ1755-324lc.txt
SWIFTJ1756.9-2508lc.txt
SGR1801-23lc.txt
IGRJ17586-2129lc.txt
H1755-338lc.txt
IGRJ17597-2201lc.txt
QSOB1758p38lc.txt
8C1803p784lc.txt
GX5-1lc.txt
GRS1758-258lc.txt
GX9p1lc.txt
QSOB1800p440lc.txt
0FGLJ1801.6-2327lc.txt
IGRJ18027-1455lc.txt
PMNJ1802-3940lc.txt
IGRJ18027-2016lc.txt
V772Herlc.txt
NovaSagittari2008lc.txt
3C371lc.txt
XTEJ1807-294lc.txt
1RXSJ180724.2p194217lc.txt
SAXJ1808.4-3658lc.txt
SGR1806-20lc.txt
PSRJ1809-2332lc.txt
XTEJ1810-197lc.txt
XTEJ1810-189lc.txt
SAXJ1810.8-2609lc.txt
XTEJ1812-182lc.txt
IGRJ18135-1751lc.txt
0FGLJ1813.5-1248lc.txt
GX13p1lc.txt
IGRJ18151-1052lc.txt
4U1812-12lc.txt
IGRJ18159-3353lc.txt
GX17p2lc.txt
AMHerlc.txt
SWIFTJ1816.7-1613lc.txt
IGRJ18173-2509lc.txt
IGRJ18175-1530lc.txt
XTEJ1817-330lc.txt
XTEJ1818-245lc.txt
SAXJ1818.6-1703lc.txt
SAXJ1818.7p1424lc.txt
SAXJ1819.3-2525lc.txt
AXJ1820.5-1434lc.txt
H1820-303lc.txt
4C56.27lc.txt
XTEJ1824-141lc.txt
H1822-000lc.txt
4U1822-371lc.txt
PSRJ1826-1256lc.txt
RXJ1826.2-1450lc.txt
IGRJ18284-0345lc.txt
SAXJ1828.5-1037lc.txt
Ginga1826-238lc.txt
2C1569lc.txt
XTEJ1829-098lc.txt
0FGLJ1830.3p0617lc.txt
IGRJ18325-0756lc.txt
SNR021.5-00.9lc.txt
PKS1830-211lc.txt
SGR1833-0832lc.txt
BYDralc.txt
0FGLJ1834.4-0841lc.txt
4C32.55lc.txt
XB1832-330lc.txt
PSRJ1836p5925lc.txt
SctX-1lc.txt
AXJ1838.0-0655lc.txt
ESO103-035lc.txt
0FGLJ1839.0-0549lc.txt
SerX-1lc.txt
IGRJ18410-0535lc.txt
Kes73lc.txt
3C390.3lc.txt
SWIFTJ1842.5-1124lc.txt
AXJ1845.0-0258lc.txt
ESO140-43lc.txt
IGRJ18450-0435lc.txt
Ginga1843p00lc.txt
IGRJ18462-0223lc.txt
AXJ1846.4-0258lc.txt
IGRJ18483-0311lc.txt
TXS1846p322lc.txt
8C1849p670lc.txt
EXO1846-031lc.txt
2CG036p01lc.txt
4U1850-087lc.txt
IGRJ18539p0727lc.txt
4U1849-31lc.txt
XTEJ1855-026lc.txt
0FGLJ1855.9p0126lc.txt
2E1853.7p1534lc.txt
XTEJ1856p053lc.txt
XTEJ1858p034lc.txt
XTEJ1859p226lc.txt
HT1900.1-2455lc.txt
XTEJ1901p014lc.txt
4U1901p03lc.txt
XTEJ1906p090lc.txt
SGR1900p14lc.txt
PSRJ1907p06lc.txt
HR7275lc.txt
XTEJ1908p094lc.txt
H1907p097lc.txt
4U1909p07lc.txt
0FGLJ1911.0p0905lc.txt
PKS1908-201lc.txt
IGRJ19112p1358lc.txt
AqlX-1lc.txt
SS433lc.txt
IGRJ19140p0951lc.txt
GRS1915p105lc.txt
4U1916-053lc.txt
ACO2319lc.txt
ESO141-G55lc.txt
SWIFTJ1922.7-1716lc.txt
0FGLJ1923.0p1411lc.txt
TXS1920-211lc.txt
CHCyglc.txt
4C73.18lc.txt
IGRJ19294p1816lc.txt
QSOB1936-155lc.txt
RXJ1940.2-1025lc.txt
NGC6814lc.txt
NovaCyg2008lc.txt
XTEJ1946p274lc.txt
KS1947p300lc.txt
V500Aqllc.txt
PSRB1951p32lc.txt
0FGLJ1954.4p2838lc.txt
SWIFTJ195509.6p261406lc.txt
4U1954p31lc.txt
2CG065p00lc.txt
CygX-1lc.txt
4U1957p115lc.txt
3C405.0lc.txt
1ES1959p650lc.txt
SWIFTJ2000.6p3210lc.txt
QSOB1958-179lc.txt
0FGLJ2001.0p4352lc.txt
Ginga2000p251lc.txt
QSOB2005p40lc.txt
NGC6860lc.txt
PKS2005-489lc.txt
QSOB2008-159lc.txt
XTEJ2012p381lc.txt
PMNJ2017p0603lc.txt
IGRJ20187p4041lc.txt
IGRJ20188p3647lc.txt
2CG075p00lc.txt
2CG078p01lc.txt
PSRJ2021p3651lc.txt
PSRJ2021p4026lc.txt
QSOB2021p614lc.txt
GammaCyglc.txt
4C31.56lc.txt
V404Cyglc.txt
PKS2023-07lc.txt
0FGLJ2027.5p3334lc.txt
V2467Cyglc.txt
MCGp04-48-002lc.txt
1RXSJ202945.1p574348lc.txt
EXO2030p375lc.txt
CygX-3lc.txt
SWIFTJ2037.2p4151lc.txt
VWCeplc.txt
3C418.0lc.txt
ATMiclc.txt
4C74.26lc.txt
Mrk509lc.txt
AUMiclc.txt
BOMiclc.txt
IC5063lc.txt
2CG095p04lc.txt
V1794Cyglc.txt
0FGLJ2055.5p2540lc.txt
QSOB2052-474lc.txt
GROJ2058p42lc.txt
V407Cyglc.txt
ERVullc.txt
SAXJ2103.5p4545lc.txt
IGRJ21117p3427lc.txt
S52116p81lc.txt
XTEJ2123-058lc.txt
QSOJ2123p0535lc.txt
IGRJ21247p5058lc.txt
PSRJ2124-3358lc.txt
XB2127p119lc.txt
XB2129p470lc.txt
QSOB2128-123lc.txt
CTS109lc.txt
0ES2132p50.9lc.txt
4C-02.81lc.txt
RXJ2135.9p4728lc.txt
QSOB2134p0028lc.txt
QSOB2136p1410lc.txt
QSOB2136-428lc.txt
Ginga2138p56lc.txt
1H2140p433lc.txt
OX169lc.txt
CygX-2lc.txt
PKS2144p092lc.txt
4C06.69lc.txt
QSOB2149-306lc.txt
BWE2155p3112lc.txt
QSOB2155-152lc.txt
PKS2155-304lc.txt
BWE2159p5034lc.txt
NGC7172lc.txt
QSOB2200p420lc.txt
4C31.63lc.txt
QSOB2201p1711lc.txt
HKLaclc.txt
PKS2204-54lc.txt
4U2206p54lc.txt
ARLaclc.txt
NGC7213lc.txt
QSOB2209p184lc.txt
QSOB2209p236lc.txt
FOAqrlc.txt
4C-03.79lc.txt
3C445lc.txt
SAXJ2224.9p5421lc.txt
4C-05.92lc.txt
PSRJ2229p6114lc.txt
QSOB2227-0848lc.txt
4C11.69lc.txt
NGC7314lc.txt
APG319lc.txt
PKS2233-148lc.txt
3C452lc.txt
QSOJ2246-1206lc.txt
EVLaclc.txt
RXJ2248.6-5109lc.txt
B32247p381lc.txt
IMPeglc.txt
3C454.3lc.txt
QSOB2251-179lc.txt
AOPsclc.txt
QSOB2255-2814lc.txt
1E2259p58.6lc.txt
QSOB2300-189lc.txt
NGC7469lc.txt
Mrk926lc.txt
KZAndlc.txt
SZPsclc.txt
NGC7582lc.txt
NGC7603lc.txt
V368Ceplc.txt
CasAlc.txt
2E2321.4p4154lc.txt
B32322p396lc.txt
PKS2325p093lc.txt
V455Andlc.txt
IVSB2331p073lc.txt
LambdaAndlc.txt
PMNJ2345-1555lc.txt
1ES2344p514lc.txt
QSOB2345-167lc.txt
HR9024lc.txt
4C45.51lc.txt
IIPeglc.txt
QSOB2356-309lc.txt
QSOB0003-066lc.txt
PSRJ0007p7303lc.txt
QSOB0007p107lc.txt
QSOB0016p73lc.txt
IGRJ00234p6141lc.txt
NGC104lc.txt
V709Caslc.txt
IGRJ00291p5934lc.txt
PSRJ0030p0451lc.txt
2CG121p04lc.txt
KUV00311-1938lc.txt
V826Caslc.txt
QSOB0033p595lc.txt
IGRJ00370p6122lc.txt
NGC235lc.txt
ZetaAndlc.txt
NGC253lc.txt
NGC262lc.txt
QSOB0048-09lc.txt
PKS0048-071lc.txt
Mrk1148lc.txt
SMCX-3lc.txt
RXJ0052.1-7319lc.txt
CFTuclc.txt
XTEJ0055-727lc.txt
GamCaslc.txt
PMNJ0100p0745lc.txt
7C0059p5808lc.txt
IGRJ01054-7253lc.txt
4C01.02lc.txt
FermiJ0109p6134lc.txt
QSOB0109p224lc.txt
4C31.03lc.txt
NGC454lc.txt
AYCetlc.txt
UVPsclc.txt
SMCX-1lc.txt
3A0114p650lc.txt
4U0115p634lc.txt
PKS0116-219lc.txt
PKS0118-272lc.txt
QSOB0119p115lc.txt
HD8357lc.txt
1ES0120p34.0lc.txt
QSOB0121-590lc.txt
NGC526lc.txt
NGC612lc.txt
IGRJ01363p6610lc.txt
RGBJ0136p391lc.txt
QSOB0133p476lc.txt
ESO297-18lc.txt
UVCetlc.txt
TXS0141p268lc.txt
PKS0142-278lc.txt
PSRJ0146p61lc.txt
RGBJ0152p017lc.txt
NGC788lc.txt
QSOB0202p149lc.txt
PKS0202-17lc.txt
QSOB0202p319lc.txt
QSOJ0209p5226lc.txt
QSOB0208-5115lc.txt
RGBJ0214p517lc.txt
NGC863lc.txt
QSOB0212p735lc.txt
QSOJ0217p0144lc.txt
QSOJ0221p3556lc.txt
3C66Alc.txt
RGBJ0227p020lc.txt
NGC931lc.txt
4C67.05lc.txt
PKS0227-369lc.txt
QSOB0229p200lc.txt
CCErilc.txt
NGC985lc.txt
ESO416-2lc.txt
PKS0235-618lc.txt
4C28.07lc.txt
ESO198-24lc.txt
AO0235p16lc.txt
LSIp61303lc.txt
QSOB0238-084lc.txt
QSOB0241p62lc.txt
PKS0244-470lc.txt
VYArilc.txt
RZCaslc.txt
PKS0250-225lc.txt
NGC1142lc.txt
XYArilc.txt
PKS0301-243lc.txt
4C47.08lc.txt
Algollc.txt
LXPerlc.txt
RGBJ0314p247lc.txt
NGC1275lc.txt
QSOB0317p183lc.txt
SN2006ddlc.txt
RGBJ0324.7p3410lc.txt
QSOB0323p022lc.txt
UXArilc.txt
GKPerlc.txt
NGC1365lc.txt
PKS0332-403lc.txt
UGC2783lc.txt
V0332p53lc.txt
4C32.14lc.txt
HR1099lc.txt
HD22403lc.txt
QSOB0336-0156lc.txt
ESO548-81lc.txt
QSOB0347-121lc.txt
PKS0347-211lc.txt
XPerlc.txt
QSOB0403-132Alc.txt
PKS0405-385lc.txt
EIErilc.txt
QSOB0414p009lc.txt
3C111lc.txt
SGR0418p5729lc.txt
GROJ0422p32lc.txt
QSOJ0423-0120lc.txt
QSOB0422p004lc.txt
1H0419-577lc.txt
PKS0426-380lc.txt
3C120lc.txt
HD283750lc.txt
GJ3305lc.txt
LSVp4417lc.txt
NRAO190lc.txt
SWIFTJ0444.1p2813lc.txt
QSOB0446p113lc.txt
PKS0447-439lc.txt
SwiftJ045106.8-694803lc.txt
MCG-01-13-025lc.txt
RXJ0452.0p4932lc.txt
PKS0454-234lc.txt
YYMenlc.txt
SGR0501p4516lc.txt
4C-02.19lc.txt
XSSJ05054-2348lc.txt
QSOB0502p675lc.txt
4U0517p17lc.txt
SWIFTJ0513.4-6547lc.txt
4U0513-40lc.txt
SWIFTJ0515.3p1853lc.txt
QSOB0513-002lc.txt
PKS0516-621lc.txt
ESO362-18lc.txt
PictorAlc.txt
LMCX-2lc.txt
VERJ0521p211lc.txt
QSOB0521-365lc.txt
SWIFTJ052522.48p241331.8lc.txt
SNR0525-66.1lc.txt
ABDorlc.txt
TVCollc.txt
PKS0528p134lc.txt
RXJ0531.2-6607lc.txt
CRATESJ0531-4827lc.txt
PMNJ0532p0732lc.txt
LMCX-4lc.txt
QSOB0529p483lc.txt
Crablc.txt
SN1987Alc.txt
QSOB0537-441lc.txt
1A0535p262lc.txt
LMCX-3lc.txt
LMCX-1lc.txt
PSRB0540-69.3lc.txt
IGRJ05414-6858lc.txt
XMMUJ054134.7-682550lc.txt
BYCamlc.txt
TXCollc.txt
PKS0548-322lc.txt
NGC2110lc.txt
MCGp8-11-11lc.txt
QSOJ0555p3948lc.txt
V405Aurlc.txt
LEDA75476lc.txt
QSOB0558-504lc.txt
SWIFTJ0602.2p2829lc.txt
IGRJ06074p2205lc.txt
QSOB0605-0834lc.txt
QSOB0607-157lc.txt
SWIFTJ061223.0p701243lc.txt
PSRJ0613-0200lc.txt
0FGLJ0614.3-3330lc.txt
Mrk3lc.txt
4U0614p09lc.txt
0FGLJ0617.4p2234lc.txt
1A0620-00lc.txt
PSRJ0631p1036lc.txt
HESSJ0632p057lc.txt
PSRJ0633p06lc.txt
Gemingalc.txt
ESO490-26lc.txt
0FGLJ0643.2p0858lc.txt
RGBJ0643p422lc.txt
QSOJ0646p4451lc.txt
PKS0648-16lc.txt
QSOB0647p250lc.txt
Mrk6lc.txt
B30650p453lc.txt
BWE0650p5046lc.txt
MXB0656-072lc.txt
PKS0700-661lc.txt
QSOB0706p591lc.txt
BWE0708p5038lc.txt
BWE0711p1940lc.txt
TXS0716p332lc.txt
QSOB0716p714lc.txt
4U0728-25lc.txt
2CG235-01lc.txt
QSOJ0730-116lc.txt
QSOB0730p504lc.txt
YYGemlc.txt
QSOJ0738p1742lc.txt
QSOB0736p01lc.txt
QSOJ0741p3111lc.txt
Mrk79lc.txt
SigmaGemlc.txt
YZCMilc.txt
PKS0742p10lc.txt
SWIFTJ0746.3p2548lc.txt
EXO0748-676lc.txt
QSOB0748p126lc.txt
PQGemlc.txt
QSOB0754p10lc.txt
IGRJ07597-3842lc.txt
IGRJ08023-6954lc.txt
Mrk1210lc.txt
QSOB0805-077lc.txt
QSOB0804p4959lc.txt
QSOB0806p524lc.txt
QSOB0808p019lc.txt
NOVAPUPPIS2007lc.txt
QSOB0814p425lc.txt
TXS0820p560lc.txt
QSOB0823p033lc.txt
PKS0823-223lc.txt
QSOJ0830p2411lc.txt
QSOB0829p047lc.txt
VelaPulsarlc.txt
SAXJ0835.9p5118lc.txt
4U0836-42lc.txt
NGC2622lc.txt
EIUMalc.txt
IGRJ08408-4503lc.txt
3C207lc.txt
4Cp71.07lc.txt
3EGJ0853p1941lc.txt
TYPyxlc.txt
UGC4730lc.txt
VelaX-1lc.txt
3EGJ0903-3531lc.txt
4C01.24Blc.txt
NGC2770lc.txt
PKS0907p022lc.txt
BWE0907p3341lc.txt
Fermi_J0910-5041lc.txt
IRAS09149-6206lc.txt
Mrk704lc.txt
2S0918-549lc.txt
MCG-01-24-012lc.txt
QSOB0917p449lc.txt
QSOB0917p624lc.txt
BFLynlc.txt
MCGp04-22-042lc.txt
Mrk110lc.txt
2CG054p01lc.txt
4C39.25lc.txt
XTEJ0929-314lc.txt
QSOB0927p500lc.txt
LQHyalc.txt
NGC2992lc.txt
MCG-5-23-16lc.txt
4C40.24lc.txt
PMNJ0948p0022lc.txt
SN1993Jlc.txt
4Cp55.17lc.txt
4C47.31lc.txt
QSOB0954p65lc.txt
NGC3081lc.txt
DHLeolc.txt
GROJ1008-57lc.txt
IGRJ10109-5746lc.txt
RGBJ1012p424lc.txt
GRS1009-45lc.txt
QSOB1011p496lc.txt
QSOJ1016p0513lc.txt
0FGLJ1018.2-5858lc.txt
ADLeolc.txt
AGLJ1023-3738lc.txt
NGC3227lc.txt
0FGLJ1024.0-5754lc.txt
IGRJ10252-6829lc.txt
PSRJ1028-5819lc.txt
QSOB1028p511lc.txt
NGC3281lc.txt
S41030p61lc.txt
SWIFTJ1038.8-4942lc.txt
JVASB1036p054lc.txt
IGRJ10404-4625lc.txt
4C06.41lc.txt
etaCarlc.txt
QSOB1045-188lc.txt
PSRJ1048-5832lc.txt
Mrk417lc.txt
1E1048.1-5937lc.txt
MS1050.7p4946lc.txt
BWE1051p2227lc.txt
DMUMalc.txt
FermiJ1057-6027lc.txt
PSRB1055-52lc.txt
4C01.28lc.txt
RGBJ1058p564lc.txt
PKS1057-79lc.txt
1A1059-22lc.txt
Mrk421lc.txt
NGC3516lc.txt
IGRJ11085-5100lc.txt
RXJ1117.1p2014lc.txt
XTEJ1118p480lc.txt
BWE1118p4228lc.txt
1A1118-61lc.txt
CenX-3lc.txt
PKS1118-056lc.txt
IGRJ11215-5952lc.txt
0FGLJ1123.0-6416lc.txt
NovaMus1991lc.txt
QSOB1124-186lc.txt
QSOJ1130-1449lc.txt
IGRJ11305-6256lc.txt
IGRJ11321-5311lc.txt
Mrk180lc.txt
BWE1133p6753lc.txt
NGC3783lc.txt
HD101379lc.txt
RWUMalc.txt
DODralc.txt
IGRJ11435-6109lc.txt
UGC6728lc.txt
1A1143-18lc.txt
PKS1144-379lc.txt
1E1145.1-6141lc.txt
H1145-619lc.txt
8C1150p81lc.txt
7C1156p2931lc.txt
SWIFTJ1200.8p0650lc.txt
IGRJ12026-5349lc.txt
NGC4051lc.txt
NGC4074lc.txt
NGC4102lc.txt
NGC4138lc.txt
NGC4151lc.txt
RXJ1211.9p2242lc.txt
4U1210-64lc.txt
QSOB1212p078lc.txt
DKDralc.txt
PKS1213-17lc.txt
QSOB1215p303lc.txt
QSOB1218p304lc.txt
QSOB1219p285lc.txt
4C04.42lc.txt
4C21.35lc.txt
NGC4388lc.txt
VirgoClusterlc.txt
GX301-2lc.txt
XSSJ12270-4859lc.txt
3C273lc.txt
GRS1227p025lc.txt
M87lc.txt
IGRJ12349-6434lc.txt
NGC4507lc.txt
AM1236-270lc.txt
NGC4593lc.txt
IGRJ12415-5750lc.txt
PKS1244-255lc.txt
PG1246p586lc.txt
4U1246-58lc.txt
S41250p53lc.txt
3C279lc.txt
QSOB1255p244lc.txt
H1254-690lc.txt
3C277.3lc.txt
GX304-1lc.txt
PSRB1259-63lc.txt
MCGp09-21-096lc.txt
NGC4945lc.txt
NGC4992lc.txt
7C1308p3236lc.txt
RSCVnlc.txt
IGRJ13109-5552lc.txt
GB6B1310p4844lc.txt
MCG-03-34-064lc.txt
SAXJ1324.5-6313lc.txt
CenAlc.txt
4U1323-619lc.txt
QSOB1324p224lc.txt
FKComlc.txt
PKS1329-049lc.txt
HR5110lc.txt
MCG-6-30-15lc.txt
QSOB1334-127lc.txt
NGC5252lc.txt
RGBJ1341p399lc.txt
B31343p451lc.txt
1A1343-60lc.txt
IC4329Alc.txt
Mrk279lc.txt
PKS1352-104lc.txt
Mrk463lc.txt
Ginga1354-645lc.txt
MAXIJ1409-619lc.txt
QSOB1406-074lc.txt
SNR312.4-00.4lc.txt
ESO97-13lc.txt
NGC5506lc.txt
RGBJ1413p436lc.txt
QSOB1413p135lc.txt
IGRJ14175-4641lc.txt
7C1415p2556lc.txt
NGC5548lc.txt
ESO511-G030lc.txt
QSOB1417p385lc.txt
H1417-624lc.txt
7C1424p2401lc.txt
Mrk813lc.txt
PKS1424-418lc.txt
H1426p428lc.txt
ProxCenlc.txt
Mrk817lc.txt
EKDralc.txt
QSOB1437p398lc.txt
NGC5728lc.txt
QSOB1440p122lc.txt
IGRJ14471-6319lc.txt
SwiftJ1448.4-5945lc.txt
IGRJ14493-5534lc.txt
IGRJ14552-5133lc.txt
PKS1454-354lc.txt
IGRJ14579-4308lc.txt
CenX-4lc.txt
3C309.1lc.txt
PSRJ1459-60lc.txt
44Boolc.txt
QSOB1502p1041lc.txt
QSOB1504-167lc.txt
IGRJ15094-6649lc.txt
PSRJ1509-5850lc.txt
ASAS150946-2147.7lc.txt
PKS1508-05lc.txt
QSOJ1512-0906lc.txt
PSRB1509-58lc.txt
QSOB1514-241lc.txt
H1517p656lc.txt
CirX-1lc.txt
NGC5920lc.txt
TXS1520p319lc.txt
TrAX-1lc.txt
QSOB1533p535lc.txt
Mrk290lc.txt
IGRJ15360-5750lc.txt
SWIFTJ1539.2-6227lc.txt
4C14.60lc.txt
H1538-522lc.txt
QSOB1542p614lc.txt
4U1543-47lc.txt
4U1543-62lc.txt
IGRJ15479-4529lc.txt
QSOB1546p0246lc.txt
4C05.64lc.txt
1E1547.0-5408lc.txt
XTEJ1550-564lc.txt
PKS1551p130lc.txt
QSOB1553p113lc.txt
H1553-542lc.txt
TCrBlc.txt
0FGLJ1604.0-4904lc.txt
4C10.45lc.txt
H1608-522lc.txt
QSOB1611p3420lc.txt
TZCrBlc.txt
IGRJ16167-4957lc.txt
2CG333p01lc.txt
IGRJ16185-5928lc.txt
IGRJ16195-4945lc.txt
ScoX-1lc.txt
IGRJ16207-5129lc.txt
UScolc.txt
PKS1622-253lc.txt
PKS1622-297lc.txt
SWIFTJ1626.6-5156lc.txt
4U1624-490lc.txt
Mrk1498lc.txt
IGRJ16283-4838lc.txt
RGBJ1629p401lc.txt
IGRJ16293-4603lc.txt
IGRJ16316-4028lc.txt
IGRJ16318-4848lc.txt
AXJ1631.9-4752lc.txt
4U1626-67lc.txt
IGRJ16328-4726lc.txt
4U1630-472lc.txt
4C38.41lc.txt
SGR1627-41lc.txt
IGRJ16358-4726lc.txt
XTEJ1637-498lc.txt
IGRJ16374-5043lc.txt
QSOJ1638p5720lc.txt
CIZAJ1638.2-6420lc.txt
IGRJ16393-4643lc.txt
QSOB1638p3952lc.txt
4U1636-536lc.txt
IGRJ16418-4532lc.txt
4C39.48lc.txt
IGRJ16442-5548lc.txt
GX340p0lc.txt
IGRJ16465-4507lc.txt
CXOUJ164710.2-455216lc.txt
IGRJ16479-4514lc.txt
IGRJ16482-3036lc.txt
IGRJ16493-4348lc.txt
XTEJ1650-500lc.txt
XTEJ1652-453lc.txt
NGC6240lc.txt
Mrk501lc.txt
GROJ1655-40lc.txt
IGRJ16558-4150lc.txt
IGRJ16558-5203lc.txt
NovaScolc.txt
HerX-1lc.txt
QSOB1655p077lc.txt
MAXIJ1659-152lc.txt
GB6B1700p6834lc.txt
AXJ1700.2-4220lc.txt
EXO1657-419lc.txt
IGRJ17009p3559lc.txt
XTEJ1701-462lc.txt
XTEJ1701-407lc.txt
H1658-298lc.txt
GX339-4lc.txt
4U1700-377lc.txt
XTEJ1704-412lc.txt
XTEJ1704-445lc.txt
GX349p2lc.txt
4U1702-429lc.txt
SWIFTJ1706.6-6146lc.txt
4U1700p24lc.txt
H1705-250lc.txt
4U1708-23lc.txt
4U1705-32lc.txt
H1705-440lc.txt
IGRJ17091-3624lc.txt
RXJ1709.5-2639lc.txt
PSRB1706-44lc.txt
IGRJ17098-3628lc.txt
XTEJ1710-281lc.txt
SAXJ1711.6-3808lc.txt
NGC6440lc.txt
4U1708-40lc.txt
Ophclusterlc.txt
SAXJ1712.6-3739lc.txt
V2400Ophlc.txt
SWIFTJ1713.4-4219lc.txt
2S1711-339lc.txt
XTEJ1716-379lc.txt
NGC6300lc.txt
V824Aralc.txt
RXJ1718.4-4029lc.txt
4U1715-321lc.txt
XMMSL1J171900.4-353217lc.txt
PKS1717p177lc.txt
XTEJ1719-291lc.txt
IGRJ17195-4100lc.txt
Granat1716-249lc.txt
XTEJ1720-318lc.txt
IGRJ17200-3116lc.txt
4C34.47lc.txt
XTEJ1723-376lc.txt
QSOB1722p119lc.txt
IGRJ17252-3616lc.txt
IGRJ17254-3257lc.txt
QSOB1726p455lc.txt
GRS1724-308lc.txt
QSOB1727p502lc.txt
IGRJ17285-2922lc.txt
SWIFTJ1729.9-3437lc.txt
IGRJ17303-0601lc.txt
GX9p9lc.txt
GX354-0lc.txt
GX1p4lc.txt
PSRJ1732-31lc.txt
QSOB1730-130lc.txt
IGRJ17331-2406lc.txt
RapidBursterlc.txt
GRS1730-312lc.txt
KS1731-260lc.txt
1RXHJ173523.7-354013lc.txt
IGRJ17354-3255lc.txt
XB1732-304lc.txt
GRS1734-292lc.txt
IGRJ17375-3022lc.txt
IGRJ17379-3747lc.txt
SLX1735-269lc.txt
V2672Ophiuchilc.txt
GX359p2lc.txt
4U1735-44lc.txt
IGRJ17391-3021lc.txt
XTEJ1739-285lc.txt
AXJ1740.1-3102lc.txt
QSOB1739p522lc.txt
SLX1737-282lc.txt
EXS1737.9-2952lc.txt
PSRJ1741-2054lc.txt
GRS1739-278lc.txt
XTEJ1743-363lc.txt
1E1740.7-2942lc.txt
1ES1741p19.6lc.txt
QSOB1741-038lc.txt
AXJ1744.8-2921lc.txt
GranatJ1741.9-2853lc.txt
SgrAstarlc.txt
1A1742-294lc.txt
IGRJ17464-3213lc.txt
IGRJ17460-3047lc.txt
1E1743.1-2843lc.txt
SAXJ1747.0-2853lc.txt
IGRJ17473-2721lc.txt
SLX1744-300lc.txt
IGRJ17475-2822lc.txt
GX3p1lc.txt
XTEJ1748-288lc.txt
EXO1745-248lc.txt
1A1744-361lc.txt
H1745-203lc.txt
IGRJ17488-3253lc.txt
AXJ1749.1-2733lc.txt
===========================
Erroneos
===========================
0FGLJ1834.4-0841lc.txt
